Performing C++ SOURCE FILE Test HAVE_LLVM_LIBCPP failed with the following output:
Change Dir: /home/huanghao/mysql-connector-c/CMakeFiles/CMakeTmp

Run Build Command:/usr/bin/make "cmTryCompileExec/fast"
make[1]: Entering directory `/home/huanghao/mysql-connector-c/CMakeFiles/CMakeTmp'
/usr/bin/make -f CMakeFiles/cmTryCompileExec.dir/build.make CMakeFiles/cmTryCompileExec.dir/build
make[2]: Entering directory `/home/huanghao/mysql-connector-c/CMakeFiles/CMakeTmp'
/usr/bin/cmake -E cmake_progress_report /home/huanghao/mysql-connector-c/CMakeFiles/CMakeTmp/CMakeFiles 1
Building CXX object CMakeFiles/cmTryCompileExec.dir/src.cxx.o
/usr/bin/g++    -DHAVE_LLVM_LIBCPP   -o CMakeFiles/cmTryCompileExec.dir/src.cxx.o -c /home/huanghao/mysql-connector-c/CMakeFiles/CMakeTmp/src.cxx
Linking CXX executable cmTryCompileExec
/usr/bin/cmake -E cmake_link_script CMakeFiles/cmTryCompileExec.dir/link.txt --verbose=1
/usr/bin/g++      -DHAVE_LLVM_LIBCPP    CMakeFiles/cmTryCompileExec.dir/src.cxx.o  -o cmTryCompileExec -rdynamic 
make[2]: Leaving directory `/home/huanghao/mysql-connector-c/CMakeFiles/CMakeTmp'
make[1]: Leaving directory `/home/huanghao/mysql-connector-c/CMakeFiles/CMakeTmp'

Return value: 1
Source file was:

#include <ciso646>
int main()
{
#ifdef _LIBCPP_VERSION
  return 0;
#else
  return 1;
#endif
}
Determining if the function pthread_create exists in the pthreads failed with the following output:
Change Dir: /home/huanghao/mysql-connector-c/CMakeFiles/CMakeTmp

Run Build Command:/usr/bin/make "cmTryCompileExec/fast"
make[1]: Entering directory `/home/huanghao/mysql-connector-c/CMakeFiles/CMakeTmp'
/usr/bin/make -f CMakeFiles/cmTryCompileExec.dir/build.make CMakeFiles/cmTryCompileExec.dir/build
make[2]: Entering directory `/home/huanghao/mysql-connector-c/CMakeFiles/CMakeTmp'
/usr/bin/cmake -E cmake_progress_report /home/huanghao/mysql-connector-c/CMakeFiles/CMakeTmp/CMakeFiles 1
Building C object CMakeFiles/cmTryCompileExec.dir/CheckFunctionExists.c.o
/usr/bin/gcc   -DCHECK_FUNCTION_EXISTS=pthread_create   -o CMakeFiles/cmTryCompileExec.dir/CheckFunctionExists.c.o   -c /usr/share/cmake-2.8/Modules/CheckFunctionExists.c
Linking C executable cmTryCompileExec
/usr/bin/cmake -E cmake_link_script CMakeFiles/cmTryCompileExec.dir/link.txt --verbose=1
/usr/bin/gcc     -DCHECK_FUNCTION_EXISTS=pthread_create    CMakeFiles/cmTryCompileExec.dir/CheckFunctionExists.c.o  -o cmTryCompileExec -rdynamic -lpthreads 
/usr/bin/ld: cannot find -lpthreads
collect2: ld returned 1 exit status
make[2]: *** [cmTryCompileExec] Error 1
make[2]: Leaving directory `/home/huanghao/mysql-connector-c/CMakeFiles/CMakeTmp'
make[1]: Leaving directory `/home/huanghao/mysql-connector-c/CMakeFiles/CMakeTmp'
make[1]: *** [cmTryCompileExec/fast] Error 2


Determining if the function floor exists failed with the following output:
Change Dir: /home/huanghao/mysql-connector-c/CMakeFiles/CMakeTmp

Run Build Command:/usr/bin/make "cmTryCompileExec/fast"
make[1]: Entering directory `/home/huanghao/mysql-connector-c/CMakeFiles/CMakeTmp'
/usr/bin/make -f CMakeFiles/cmTryCompileExec.dir/build.make CMakeFiles/cmTryCompileExec.dir/build
make[2]: Entering directory `/home/huanghao/mysql-connector-c/CMakeFiles/CMakeTmp'
/usr/bin/cmake -E cmake_progress_report /home/huanghao/mysql-connector-c/CMakeFiles/CMakeTmp/CMakeFiles 1
Building C object CMakeFiles/cmTryCompileExec.dir/CheckFunctionExists.c.o
/usr/bin/gcc   -DCHECK_FUNCTION_EXISTS=floor   -o CMakeFiles/cmTryCompileExec.dir/CheckFunctionExists.c.o   -c /usr/share/cmake-2.8/Modules/CheckFunctionExists.c
/usr/share/cmake-2.8/Modules/CheckFunctionExists.c:3:6: warning: conflicting types for built-in function ‘floor’ [enabled by default]
Linking C executable cmTryCompileExec
/usr/bin/cmake -E cmake_link_script CMakeFiles/cmTryCompileExec.dir/link.txt --verbose=1
/usr/bin/gcc     -DCHECK_FUNCTION_EXISTS=floor    CMakeFiles/cmTryCompileExec.dir/CheckFunctionExists.c.o  -o cmTryCompileExec -rdynamic 
CMakeFiles/cmTryCompileExec.dir/CheckFunctionExists.c.o: In function `main':
CheckFunctionExists.c:(.text+0x7): undefined reference to `floor'
collect2: ld returned 1 exit status
make[2]: Leaving directory `/home/huanghao/mysql-connector-c/CMakeFiles/CMakeTmp'
make[2]: *** [cmTryCompileExec] Error 1
make[1]: Leaving directory `/home/huanghao/mysql-connector-c/CMakeFiles/CMakeTmp'
make[1]: *** [cmTryCompileExec/fast] Error 2


Determining if the function crypt exists failed with the following output:
Change Dir: /home/huanghao/mysql-connector-c/CMakeFiles/CMakeTmp

Run Build Command:/usr/bin/make "cmTryCompileExec/fast"
make[1]: Entering directory `/home/huanghao/mysql-connector-c/CMakeFiles/CMakeTmp'
/usr/bin/make -f CMakeFiles/cmTryCompileExec.dir/build.make CMakeFiles/cmTryCompileExec.dir/build
make[2]: Entering directory `/home/huanghao/mysql-connector-c/CMakeFiles/CMakeTmp'
/usr/bin/cmake -E cmake_progress_report /home/huanghao/mysql-connector-c/CMakeFiles/CMakeTmp/CMakeFiles 1
Building C object CMakeFiles/cmTryCompileExec.dir/CheckFunctionExists.c.o
/usr/bin/gcc   -DCHECK_FUNCTION_EXISTS=crypt   -o CMakeFiles/cmTryCompileExec.dir/CheckFunctionExists.c.o   -c /usr/share/cmake-2.8/Modules/CheckFunctionExists.c
Linking C executable cmTryCompileExec
/usr/bin/cmake -E cmake_link_script CMakeFiles/cmTryCompileExec.dir/link.txt --verbose=1
/usr/bin/gcc     -DCHECK_FUNCTION_EXISTS=crypt    CMakeFiles/cmTryCompileExec.dir/CheckFunctionExists.c.o  -o cmTryCompileExec -rdynamic 
CMakeFiles/cmTryCompileExec.dir/CheckFunctionExists.c.o: In function `main':
CheckFunctionExists.c:(.text+0x7): undefined reference to `crypt'
collect2: ld returned 1 exit status
make[2]: Leaving directory `/home/huanghao/mysql-connector-c/CMakeFiles/CMakeTmp'
make[2]: *** [cmTryCompileExec] Error 1
make[1]: Leaving directory `/home/huanghao/mysql-connector-c/CMakeFiles/CMakeTmp'
make[1]: *** [cmTryCompileExec/fast] Error 2


Determining if the function dlopen exists failed with the following output:
Change Dir: /home/huanghao/mysql-connector-c/CMakeFiles/CMakeTmp

Run Build Command:/usr/bin/make "cmTryCompileExec/fast"
make[1]: Entering directory `/home/huanghao/mysql-connector-c/CMakeFiles/CMakeTmp'
/usr/bin/make -f CMakeFiles/cmTryCompileExec.dir/build.make CMakeFiles/cmTryCompileExec.dir/build
make[2]: Entering directory `/home/huanghao/mysql-connector-c/CMakeFiles/CMakeTmp'
/usr/bin/cmake -E cmake_progress_report /home/huanghao/mysql-connector-c/CMakeFiles/CMakeTmp/CMakeFiles 1
Building C object CMakeFiles/cmTryCompileExec.dir/CheckFunctionExists.c.o
/usr/bin/gcc   -DCHECK_FUNCTION_EXISTS=dlopen   -o CMakeFiles/cmTryCompileExec.dir/CheckFunctionExists.c.o   -c /usr/share/cmake-2.8/Modules/CheckFunctionExists.c
Linking C executable cmTryCompileExec
/usr/bin/cmake -E cmake_link_script CMakeFiles/cmTryCompileExec.dir/link.txt --verbose=1
/usr/bin/gcc     -DCHECK_FUNCTION_EXISTS=dlopen    CMakeFiles/cmTryCompileExec.dir/CheckFunctionExists.c.o  -o cmTryCompileExec -rdynamic 
CMakeFiles/cmTryCompileExec.dir/CheckFunctionExists.c.o: In function `main':
CheckFunctionExists.c:(.text+0x7): undefined reference to `dlopen'
collect2: ld returned 1 exit status
make[2]: Leaving directory `/home/huanghao/mysql-connector-c/CMakeFiles/CMakeTmp'
make[2]: *** [cmTryCompileExec] Error 1
make[1]: Leaving directory `/home/huanghao/mysql-connector-c/CMakeFiles/CMakeTmp'
make[1]: *** [cmTryCompileExec/fast] Error 2


Determining if the function clock_gettime exists failed with the following output:
Change Dir: /home/huanghao/mysql-connector-c/CMakeFiles/CMakeTmp

Run Build Command:/usr/bin/make "cmTryCompileExec/fast"
make[1]: Entering directory `/home/huanghao/mysql-connector-c/CMakeFiles/CMakeTmp'
/usr/bin/make -f CMakeFiles/cmTryCompileExec.dir/build.make CMakeFiles/cmTryCompileExec.dir/build
make[2]: Entering directory `/home/huanghao/mysql-connector-c/CMakeFiles/CMakeTmp'
/usr/bin/cmake -E cmake_progress_report /home/huanghao/mysql-connector-c/CMakeFiles/CMakeTmp/CMakeFiles 1
Building C object CMakeFiles/cmTryCompileExec.dir/CheckFunctionExists.c.o
/usr/bin/gcc   -DCHECK_FUNCTION_EXISTS=clock_gettime   -o CMakeFiles/cmTryCompileExec.dir/CheckFunctionExists.c.o   -c /usr/share/cmake-2.8/Modules/CheckFunctionExists.c
Linking C executable cmTryCompileExec
/usr/bin/cmake -E cmake_link_script CMakeFiles/cmTryCompileExec.dir/link.txt --verbose=1
/usr/bin/gcc     -DCHECK_FUNCTION_EXISTS=clock_gettime    CMakeFiles/cmTryCompileExec.dir/CheckFunctionExists.c.o  -o cmTryCompileExec -rdynamic 
CMakeFiles/cmTryCompileExec.dir/CheckFunctionExists.c.o: In function `main':
CheckFunctionExists.c:(.text+0x7): undefined reference to `clock_gettime'
collect2: ld returned 1 exit status
make[2]: Leaving directory `/home/huanghao/mysql-connector-c/CMakeFiles/CMakeTmp'
make[2]: *** [cmTryCompileExec] Error 1
make[1]: Leaving directory `/home/huanghao/mysql-connector-c/CMakeFiles/CMakeTmp'
make[1]: *** [cmTryCompileExec/fast] Error 2


Determining if the function timer_create exists failed with the following output:
Change Dir: /home/huanghao/mysql-connector-c/CMakeFiles/CMakeTmp

Run Build Command:/usr/bin/make "cmTryCompileExec/fast"
make[1]: Entering directory `/home/huanghao/mysql-connector-c/CMakeFiles/CMakeTmp'
/usr/bin/make -f CMakeFiles/cmTryCompileExec.dir/build.make CMakeFiles/cmTryCompileExec.dir/build
make[2]: Entering directory `/home/huanghao/mysql-connector-c/CMakeFiles/CMakeTmp'
/usr/bin/cmake -E cmake_progress_report /home/huanghao/mysql-connector-c/CMakeFiles/CMakeTmp/CMakeFiles 1
Building C object CMakeFiles/cmTryCompileExec.dir/CheckFunctionExists.c.o
/usr/bin/gcc   -DCHECK_FUNCTION_EXISTS=timer_create   -o CMakeFiles/cmTryCompileExec.dir/CheckFunctionExists.c.o   -c /usr/share/cmake-2.8/Modules/CheckFunctionExists.c
Linking C executable cmTryCompileExec
/usr/bin/cmake -E cmake_link_script CMakeFiles/cmTryCompileExec.dir/link.txt --verbose=1
/usr/bin/gcc     -DCHECK_FUNCTION_EXISTS=timer_create    CMakeFiles/cmTryCompileExec.dir/CheckFunctionExists.c.o  -o cmTryCompileExec -rdynamic 
CMakeFiles/cmTryCompileExec.dir/CheckFunctionExists.c.o: In function `main':
CheckFunctionExists.c:(.text+0x7): undefined reference to `timer_create'
collect2: ld returned 1 exit status
make[2]: Leaving directory `/home/huanghao/mysql-connector-c/CMakeFiles/CMakeTmp'
make[2]: *** [cmTryCompileExec] Error 1
make[1]: *** [cmTryCompileExec/fast] Error 2
make[1]: Leaving directory `/home/huanghao/mysql-connector-c/CMakeFiles/CMakeTmp'


Determining if files ieeefp.h exist failed with the following output:
Change Dir: /home/huanghao/mysql-connector-c/CMakeFiles/CMakeTmp

Run Build Command:/usr/bin/make "cmTryCompileExec/fast"
make[1]: Entering directory `/home/huanghao/mysql-connector-c/CMakeFiles/CMakeTmp'
/usr/bin/make -f CMakeFiles/cmTryCompileExec.dir/build.make CMakeFiles/cmTryCompileExec.dir/build
make[2]: Entering directory `/home/huanghao/mysql-connector-c/CMakeFiles/CMakeTmp'
/usr/bin/cmake -E cmake_progress_report /home/huanghao/mysql-connector-c/CMakeFiles/CMakeTmp/CMakeFiles 1
Building C object CMakeFiles/cmTryCompileExec.dir/CheckIncludeFiles.c.o
/usr/bin/gcc    -o CMakeFiles/cmTryCompileExec.dir/CheckIncludeFiles.c.o   -c /home/huanghao/mysql-connector-c/CMakeFiles/CMakeTmp/CheckIncludeFiles.c
/home/huanghao/mysql-connector-c/CMakeFiles/CMakeTmp/CheckIncludeFiles.c:2:20: fatal error: ieeefp.h: No such file or directory
compilation terminated.
make[2]: Leaving directory `/home/huanghao/mysql-connector-c/CMakeFiles/CMakeTmp'
make[2]: *** [CMakeFiles/cmTryCompileExec.dir/CheckIncludeFiles.c.o] Error 1
make[1]: Leaving directory `/home/huanghao/mysql-connector-c/CMakeFiles/CMakeTmp'
make[1]: *** [cmTryCompileExec/fast] Error 2

Source:
/* */
#include <ieeefp.h>


int main(){return 0;}

Determining if files curses.h;term.h exist failed with the following output:
Change Dir: /home/huanghao/mysql-connector-c/CMakeFiles/CMakeTmp

Run Build Command:/usr/bin/make "cmTryCompileExec/fast"
make[1]: Entering directory `/home/huanghao/mysql-connector-c/CMakeFiles/CMakeTmp'
/usr/bin/make -f CMakeFiles/cmTryCompileExec.dir/build.make CMakeFiles/cmTryCompileExec.dir/build
make[2]: Entering directory `/home/huanghao/mysql-connector-c/CMakeFiles/CMakeTmp'
/usr/bin/cmake -E cmake_progress_report /home/huanghao/mysql-connector-c/CMakeFiles/CMakeTmp/CMakeFiles 1
Building C object CMakeFiles/cmTryCompileExec.dir/CheckIncludeFiles.c.o
/usr/bin/gcc    -o CMakeFiles/cmTryCompileExec.dir/CheckIncludeFiles.c.o   -c /home/huanghao/mysql-connector-c/CMakeFiles/CMakeTmp/CheckIncludeFiles.c
/home/huanghao/mysql-connector-c/CMakeFiles/CMakeTmp/CheckIncludeFiles.c:2:20: fatal error: curses.h: No such file or directory
compilation terminated.
make[2]: Leaving directory `/home/huanghao/mysql-connector-c/CMakeFiles/CMakeTmp'
make[2]: *** [CMakeFiles/cmTryCompileExec.dir/CheckIncludeFiles.c.o] Error 1
make[1]: Leaving directory `/home/huanghao/mysql-connector-c/CMakeFiles/CMakeTmp'
make[1]: *** [cmTryCompileExec/fast] Error 2

Source:
/* */
#include <curses.h>
#include <term.h>


int main(){return 0;}

Determining if files vis.h exist failed with the following output:
Change Dir: /home/huanghao/mysql-connector-c/CMakeFiles/CMakeTmp

Run Build Command:/usr/bin/make "cmTryCompileExec/fast"
make[1]: Entering directory `/home/huanghao/mysql-connector-c/CMakeFiles/CMakeTmp'
/usr/bin/make -f CMakeFiles/cmTryCompileExec.dir/build.make CMakeFiles/cmTryCompileExec.dir/build
make[2]: Entering directory `/home/huanghao/mysql-connector-c/CMakeFiles/CMakeTmp'
/usr/bin/cmake -E cmake_progress_report /home/huanghao/mysql-connector-c/CMakeFiles/CMakeTmp/CMakeFiles 1
Building C object CMakeFiles/cmTryCompileExec.dir/CheckIncludeFiles.c.o
/usr/bin/gcc    -o CMakeFiles/cmTryCompileExec.dir/CheckIncludeFiles.c.o   -c /home/huanghao/mysql-connector-c/CMakeFiles/CMakeTmp/CheckIncludeFiles.c
/home/huanghao/mysql-connector-c/CMakeFiles/CMakeTmp/CheckIncludeFiles.c:2:17: fatal error: vis.h: No such file or directory
compilation terminated.
make[2]: Leaving directory `/home/huanghao/mysql-connector-c/CMakeFiles/CMakeTmp'
make[2]: *** [CMakeFiles/cmTryCompileExec.dir/CheckIncludeFiles.c.o] Error 1
make[1]: Leaving directory `/home/huanghao/mysql-connector-c/CMakeFiles/CMakeTmp'
make[1]: *** [cmTryCompileExec/fast] Error 2

Source:
/* */
#include <vis.h>


int main(){return 0;}

Determining if files sasl/sasl.h exist failed with the following output:
Change Dir: /home/huanghao/mysql-connector-c/CMakeFiles/CMakeTmp

Run Build Command:/usr/bin/make "cmTryCompileExec/fast"
make[1]: Entering directory `/home/huanghao/mysql-connector-c/CMakeFiles/CMakeTmp'
/usr/bin/make -f CMakeFiles/cmTryCompileExec.dir/build.make CMakeFiles/cmTryCompileExec.dir/build
make[2]: Entering directory `/home/huanghao/mysql-connector-c/CMakeFiles/CMakeTmp'
/usr/bin/cmake -E cmake_progress_report /home/huanghao/mysql-connector-c/CMakeFiles/CMakeTmp/CMakeFiles 1
Building C object CMakeFiles/cmTryCompileExec.dir/CheckIncludeFiles.c.o
/usr/bin/gcc    -o CMakeFiles/cmTryCompileExec.dir/CheckIncludeFiles.c.o   -c /home/huanghao/mysql-connector-c/CMakeFiles/CMakeTmp/CheckIncludeFiles.c
/home/huanghao/mysql-connector-c/CMakeFiles/CMakeTmp/CheckIncludeFiles.c:2:23: fatal error: sasl/sasl.h: No such file or directory
compilation terminated.
make[2]: Leaving directory `/home/huanghao/mysql-connector-c/CMakeFiles/CMakeTmp'
make[2]: *** [CMakeFiles/cmTryCompileExec.dir/CheckIncludeFiles.c.o] Error 1
make[1]: Leaving directory `/home/huanghao/mysql-connector-c/CMakeFiles/CMakeTmp'
make[1]: *** [cmTryCompileExec/fast] Error 2

Source:
/* */
#include <sasl/sasl.h>


int main(){return 0;}

Determining if files sys/devpoll.h exist failed with the following output:
Change Dir: /home/huanghao/mysql-connector-c/CMakeFiles/CMakeTmp

Run Build Command:/usr/bin/make "cmTryCompileExec/fast"
make[1]: Entering directory `/home/huanghao/mysql-connector-c/CMakeFiles/CMakeTmp'
/usr/bin/make -f CMakeFiles/cmTryCompileExec.dir/build.make CMakeFiles/cmTryCompileExec.dir/build
make[2]: Entering directory `/home/huanghao/mysql-connector-c/CMakeFiles/CMakeTmp'
/usr/bin/cmake -E cmake_progress_report /home/huanghao/mysql-connector-c/CMakeFiles/CMakeTmp/CMakeFiles 1
Building C object CMakeFiles/cmTryCompileExec.dir/CheckIncludeFiles.c.o
/usr/bin/gcc    -o CMakeFiles/cmTryCompileExec.dir/CheckIncludeFiles.c.o   -c /home/huanghao/mysql-connector-c/CMakeFiles/CMakeTmp/CheckIncludeFiles.c
/home/huanghao/mysql-connector-c/CMakeFiles/CMakeTmp/CheckIncludeFiles.c:2:25: fatal error: sys/devpoll.h: No such file or directory
compilation terminated.
make[2]: Leaving directory `/home/huanghao/mysql-connector-c/CMakeFiles/CMakeTmp'
make[2]: *** [CMakeFiles/cmTryCompileExec.dir/CheckIncludeFiles.c.o] Error 1
make[1]: Leaving directory `/home/huanghao/mysql-connector-c/CMakeFiles/CMakeTmp'
make[1]: *** [cmTryCompileExec/fast] Error 2

Source:
/* */
#include <sys/devpoll.h>


int main(){return 0;}

Determining if the function _aligned_malloc exists failed with the following output:
Change Dir: /home/huanghao/mysql-connector-c/CMakeFiles/CMakeTmp

Run Build Command:/usr/bin/make "cmTryCompileExec/fast"
make[1]: Entering directory `/home/huanghao/mysql-connector-c/CMakeFiles/CMakeTmp'
/usr/bin/make -f CMakeFiles/cmTryCompileExec.dir/build.make CMakeFiles/cmTryCompileExec.dir/build
make[2]: Entering directory `/home/huanghao/mysql-connector-c/CMakeFiles/CMakeTmp'
/usr/bin/cmake -E cmake_progress_report /home/huanghao/mysql-connector-c/CMakeFiles/CMakeTmp/CMakeFiles 1
Building C object CMakeFiles/cmTryCompileExec.dir/CheckFunctionExists.c.o
/usr/bin/gcc   -DCHECK_FUNCTION_EXISTS=_aligned_malloc   -o CMakeFiles/cmTryCompileExec.dir/CheckFunctionExists.c.o   -c /usr/share/cmake-2.8/Modules/CheckFunctionExists.c
Linking C executable cmTryCompileExec
/usr/bin/cmake -E cmake_link_script CMakeFiles/cmTryCompileExec.dir/link.txt --verbose=1
/usr/bin/gcc     -DCHECK_FUNCTION_EXISTS=_aligned_malloc    CMakeFiles/cmTryCompileExec.dir/CheckFunctionExists.c.o  -o cmTryCompileExec -rdynamic -lm -lcrypt -ldl -lpthread -lrt 
CMakeFiles/cmTryCompileExec.dir/CheckFunctionExists.c.o: In function `main':
CheckFunctionExists.c:(.text+0x7): undefined reference to `_aligned_malloc'
collect2: ld returned 1 exit status
make[2]: Leaving directory `/home/huanghao/mysql-connector-c/CMakeFiles/CMakeTmp'
make[2]: *** [cmTryCompileExec] Error 1
make[1]: Leaving directory `/home/huanghao/mysql-connector-c/CMakeFiles/CMakeTmp'
make[1]: *** [cmTryCompileExec/fast] Error 2


Determining if the function printstack exists failed with the following output:
Change Dir: /home/huanghao/mysql-connector-c/CMakeFiles/CMakeTmp

Run Build Command:/usr/bin/make "cmTryCompileExec/fast"
make[1]: Entering directory `/home/huanghao/mysql-connector-c/CMakeFiles/CMakeTmp'
/usr/bin/make -f CMakeFiles/cmTryCompileExec.dir/build.make CMakeFiles/cmTryCompileExec.dir/build
make[2]: Entering directory `/home/huanghao/mysql-connector-c/CMakeFiles/CMakeTmp'
/usr/bin/cmake -E cmake_progress_report /home/huanghao/mysql-connector-c/CMakeFiles/CMakeTmp/CMakeFiles 1
Building C object CMakeFiles/cmTryCompileExec.dir/CheckFunctionExists.c.o
/usr/bin/gcc   -DCHECK_FUNCTION_EXISTS=printstack   -o CMakeFiles/cmTryCompileExec.dir/CheckFunctionExists.c.o   -c /usr/share/cmake-2.8/Modules/CheckFunctionExists.c
Linking C executable cmTryCompileExec
/usr/bin/cmake -E cmake_link_script CMakeFiles/cmTryCompileExec.dir/link.txt --verbose=1
/usr/bin/gcc     -DCHECK_FUNCTION_EXISTS=printstack    CMakeFiles/cmTryCompileExec.dir/CheckFunctionExists.c.o  -o cmTryCompileExec -rdynamic -lm -lcrypt -ldl -lpthread -lrt 
CMakeFiles/cmTryCompileExec.dir/CheckFunctionExists.c.o: In function `main':
CheckFunctionExists.c:(.text+0x7): undefined reference to `printstack'
collect2: ld returned 1 exit status
make[2]: Leaving directory `/home/huanghao/mysql-connector-c/CMakeFiles/CMakeTmp'
make[2]: *** [cmTryCompileExec] Error 1
make[1]: Leaving directory `/home/huanghao/mysql-connector-c/CMakeFiles/CMakeTmp'
make[1]: *** [cmTryCompileExec/fast] Error 2


Determining if the function directio exists failed with the following output:
Change Dir: /home/huanghao/mysql-connector-c/CMakeFiles/CMakeTmp

Run Build Command:/usr/bin/make "cmTryCompileExec/fast"
make[1]: Entering directory `/home/huanghao/mysql-connector-c/CMakeFiles/CMakeTmp'
/usr/bin/make -f CMakeFiles/cmTryCompileExec.dir/build.make CMakeFiles/cmTryCompileExec.dir/build
make[2]: Entering directory `/home/huanghao/mysql-connector-c/CMakeFiles/CMakeTmp'
/usr/bin/cmake -E cmake_progress_report /home/huanghao/mysql-connector-c/CMakeFiles/CMakeTmp/CMakeFiles 1
Building C object CMakeFiles/cmTryCompileExec.dir/CheckFunctionExists.c.o
/usr/bin/gcc   -DCHECK_FUNCTION_EXISTS=directio   -o CMakeFiles/cmTryCompileExec.dir/CheckFunctionExists.c.o   -c /usr/share/cmake-2.8/Modules/CheckFunctionExists.c
Linking C executable cmTryCompileExec
/usr/bin/cmake -E cmake_link_script CMakeFiles/cmTryCompileExec.dir/link.txt --verbose=1
/usr/bin/gcc     -DCHECK_FUNCTION_EXISTS=directio    CMakeFiles/cmTryCompileExec.dir/CheckFunctionExists.c.o  -o cmTryCompileExec -rdynamic -lm -lcrypt -ldl -lpthread -lrt 
CMakeFiles/cmTryCompileExec.dir/CheckFunctionExists.c.o: In function `main':
CheckFunctionExists.c:(.text+0x7): undefined reference to `directio'
collect2: ld returned 1 exit status
make[2]: Leaving directory `/home/huanghao/mysql-connector-c/CMakeFiles/CMakeTmp'
make[2]: *** [cmTryCompileExec] Error 1
make[1]: Leaving directory `/home/huanghao/mysql-connector-c/CMakeFiles/CMakeTmp'
make[1]: *** [cmTryCompileExec/fast] Error 2


Determining if the function compress exists failed with the following output:
Change Dir: /home/huanghao/mysql-connector-c/CMakeFiles/CMakeTmp

Run Build Command:/usr/bin/make "cmTryCompileExec/fast"
make[1]: Entering directory `/home/huanghao/mysql-connector-c/CMakeFiles/CMakeTmp'
/usr/bin/make -f CMakeFiles/cmTryCompileExec.dir/build.make CMakeFiles/cmTryCompileExec.dir/build
make[2]: Entering directory `/home/huanghao/mysql-connector-c/CMakeFiles/CMakeTmp'
/usr/bin/cmake -E cmake_progress_report /home/huanghao/mysql-connector-c/CMakeFiles/CMakeTmp/CMakeFiles 1
Building C object CMakeFiles/cmTryCompileExec.dir/CheckFunctionExists.c.o
/usr/bin/gcc   -DCHECK_FUNCTION_EXISTS=compress   -o CMakeFiles/cmTryCompileExec.dir/CheckFunctionExists.c.o   -c /usr/share/cmake-2.8/Modules/CheckFunctionExists.c
Linking C executable cmTryCompileExec
/usr/bin/cmake -E cmake_link_script CMakeFiles/cmTryCompileExec.dir/link.txt --verbose=1
/usr/bin/gcc     -DCHECK_FUNCTION_EXISTS=compress    CMakeFiles/cmTryCompileExec.dir/CheckFunctionExists.c.o  -o cmTryCompileExec -rdynamic -lm -lcrypt -ldl -lpthread -lrt 
CMakeFiles/cmTryCompileExec.dir/CheckFunctionExists.c.o: In function `main':
CheckFunctionExists.c:(.text+0x7): undefined reference to `compress'
collect2: ld returned 1 exit status
make[2]: *** [cmTryCompileExec] Error 1
make[2]: Leaving directory `/home/huanghao/mysql-connector-c/CMakeFiles/CMakeTmp'
make[1]: Leaving directory `/home/huanghao/mysql-connector-c/CMakeFiles/CMakeTmp'
make[1]: *** [cmTryCompileExec/fast] Error 2


Determining if the function gethrtime exists failed with the following output:
Change Dir: /home/huanghao/mysql-connector-c/CMakeFiles/CMakeTmp

Run Build Command:/usr/bin/make "cmTryCompileExec/fast"
make[1]: Entering directory `/home/huanghao/mysql-connector-c/CMakeFiles/CMakeTmp'
/usr/bin/make -f CMakeFiles/cmTryCompileExec.dir/build.make CMakeFiles/cmTryCompileExec.dir/build
make[2]: Entering directory `/home/huanghao/mysql-connector-c/CMakeFiles/CMakeTmp'
/usr/bin/cmake -E cmake_progress_report /home/huanghao/mysql-connector-c/CMakeFiles/CMakeTmp/CMakeFiles 1
Building C object CMakeFiles/cmTryCompileExec.dir/CheckFunctionExists.c.o
/usr/bin/gcc   -DCHECK_FUNCTION_EXISTS=gethrtime   -o CMakeFiles/cmTryCompileExec.dir/CheckFunctionExists.c.o   -c /usr/share/cmake-2.8/Modules/CheckFunctionExists.c
Linking C executable cmTryCompileExec
/usr/bin/cmake -E cmake_link_script CMakeFiles/cmTryCompileExec.dir/link.txt --verbose=1
/usr/bin/gcc     -DCHECK_FUNCTION_EXISTS=gethrtime    CMakeFiles/cmTryCompileExec.dir/CheckFunctionExists.c.o  -o cmTryCompileExec -rdynamic -lm -lcrypt -ldl -lpthread -lrt 
CMakeFiles/cmTryCompileExec.dir/CheckFunctionExists.c.o: In function `main':
CheckFunctionExists.c:(.text+0x7): undefined reference to `gethrtime'
collect2: ld returned 1 exit status
make[2]: Leaving directory `/home/huanghao/mysql-connector-c/CMakeFiles/CMakeTmp'
make[2]: *** [cmTryCompileExec] Error 1
make[1]: Leaving directory `/home/huanghao/mysql-connector-c/CMakeFiles/CMakeTmp'
make[1]: *** [cmTryCompileExec/fast] Error 2


Determining if the function getpassphrase exists failed with the following output:
Change Dir: /home/huanghao/mysql-connector-c/CMakeFiles/CMakeTmp

Run Build Command:/usr/bin/make "cmTryCompileExec/fast"
make[1]: Entering directory `/home/huanghao/mysql-connector-c/CMakeFiles/CMakeTmp'
/usr/bin/make -f CMakeFiles/cmTryCompileExec.dir/build.make CMakeFiles/cmTryCompileExec.dir/build
make[2]: Entering directory `/home/huanghao/mysql-connector-c/CMakeFiles/CMakeTmp'
/usr/bin/cmake -E cmake_progress_report /home/huanghao/mysql-connector-c/CMakeFiles/CMakeTmp/CMakeFiles 1
Building C object CMakeFiles/cmTryCompileExec.dir/CheckFunctionExists.c.o
/usr/bin/gcc   -DCHECK_FUNCTION_EXISTS=getpassphrase   -o CMakeFiles/cmTryCompileExec.dir/CheckFunctionExists.c.o   -c /usr/share/cmake-2.8/Modules/CheckFunctionExists.c
Linking C executable cmTryCompileExec
/usr/bin/cmake -E cmake_link_script CMakeFiles/cmTryCompileExec.dir/link.txt --verbose=1
/usr/bin/gcc     -DCHECK_FUNCTION_EXISTS=getpassphrase    CMakeFiles/cmTryCompileExec.dir/CheckFunctionExists.c.o  -o cmTryCompileExec -rdynamic -lm -lcrypt -ldl -lpthread -lrt 
CMakeFiles/cmTryCompileExec.dir/CheckFunctionExists.c.o: In function `main':
CheckFunctionExists.c:(.text+0x7): undefined reference to `getpassphrase'
collect2: ld returned 1 exit status
make[2]: Leaving directory `/home/huanghao/mysql-connector-c/CMakeFiles/CMakeTmp'
make[2]: *** [cmTryCompileExec] Error 1
make[1]: *** [cmTryCompileExec/fast] Error 2
make[1]: Leaving directory `/home/huanghao/mysql-connector-c/CMakeFiles/CMakeTmp'


Determining if the function issetugid exists failed with the following output:
Change Dir: /home/huanghao/mysql-connector-c/CMakeFiles/CMakeTmp

Run Build Command:/usr/bin/make "cmTryCompileExec/fast"
make[1]: Entering directory `/home/huanghao/mysql-connector-c/CMakeFiles/CMakeTmp'
/usr/bin/make -f CMakeFiles/cmTryCompileExec.dir/build.make CMakeFiles/cmTryCompileExec.dir/build
make[2]: Entering directory `/home/huanghao/mysql-connector-c/CMakeFiles/CMakeTmp'
/usr/bin/cmake -E cmake_progress_report /home/huanghao/mysql-connector-c/CMakeFiles/CMakeTmp/CMakeFiles 1
Building C object CMakeFiles/cmTryCompileExec.dir/CheckFunctionExists.c.o
/usr/bin/gcc   -DCHECK_FUNCTION_EXISTS=issetugid   -o CMakeFiles/cmTryCompileExec.dir/CheckFunctionExists.c.o   -c /usr/share/cmake-2.8/Modules/CheckFunctionExists.c
Linking C executable cmTryCompileExec
/usr/bin/cmake -E cmake_link_script CMakeFiles/cmTryCompileExec.dir/link.txt --verbose=1
/usr/bin/gcc     -DCHECK_FUNCTION_EXISTS=issetugid    CMakeFiles/cmTryCompileExec.dir/CheckFunctionExists.c.o  -o cmTryCompileExec -rdynamic -lm -lcrypt -ldl -lpthread -lrt 
CMakeFiles/cmTryCompileExec.dir/CheckFunctionExists.c.o: In function `main':
CheckFunctionExists.c:(.text+0x7): undefined reference to `issetugid'
collect2: ld returned 1 exit status
make[2]: Leaving directory `/home/huanghao/mysql-connector-c/CMakeFiles/CMakeTmp'
make[2]: *** [cmTryCompileExec] Error 1
make[1]: Leaving directory `/home/huanghao/mysql-connector-c/CMakeFiles/CMakeTmp'
make[1]: *** [cmTryCompileExec/fast] Error 2


Determining if the function setfd exists failed with the following output:
Change Dir: /home/huanghao/mysql-connector-c/CMakeFiles/CMakeTmp

Run Build Command:/usr/bin/make "cmTryCompileExec/fast"
make[1]: Entering directory `/home/huanghao/mysql-connector-c/CMakeFiles/CMakeTmp'
/usr/bin/make -f CMakeFiles/cmTryCompileExec.dir/build.make CMakeFiles/cmTryCompileExec.dir/build
make[2]: Entering directory `/home/huanghao/mysql-connector-c/CMakeFiles/CMakeTmp'
/usr/bin/cmake -E cmake_progress_report /home/huanghao/mysql-connector-c/CMakeFiles/CMakeTmp/CMakeFiles 1
Building C object CMakeFiles/cmTryCompileExec.dir/CheckFunctionExists.c.o
/usr/bin/gcc   -DCHECK_FUNCTION_EXISTS=setfd   -o CMakeFiles/cmTryCompileExec.dir/CheckFunctionExists.c.o   -c /usr/share/cmake-2.8/Modules/CheckFunctionExists.c
Linking C executable cmTryCompileExec
/usr/bin/cmake -E cmake_link_script CMakeFiles/cmTryCompileExec.dir/link.txt --verbose=1
/usr/bin/gcc     -DCHECK_FUNCTION_EXISTS=setfd    CMakeFiles/cmTryCompileExec.dir/CheckFunctionExists.c.o  -o cmTryCompileExec -rdynamic -lm -lcrypt -ldl -lpthread -lrt 
CMakeFiles/cmTryCompileExec.dir/CheckFunctionExists.c.o: In function `main':
CheckFunctionExists.c:(.text+0x7): undefined reference to `setfd'
collect2: ld returned 1 exit status
make[2]: *** [cmTryCompileExec] Error 1
make[2]: Leaving directory `/home/huanghao/mysql-connector-c/CMakeFiles/CMakeTmp'
make[1]: Leaving directory `/home/huanghao/mysql-connector-c/CMakeFiles/CMakeTmp'
make[1]: *** [cmTryCompileExec/fast] Error 2


Determining if the function strlcpy exists failed with the following output:
Change Dir: /home/huanghao/mysql-connector-c/CMakeFiles/CMakeTmp

Run Build Command:/usr/bin/make "cmTryCompileExec/fast"
make[1]: Entering directory `/home/huanghao/mysql-connector-c/CMakeFiles/CMakeTmp'
/usr/bin/make -f CMakeFiles/cmTryCompileExec.dir/build.make CMakeFiles/cmTryCompileExec.dir/build
make[2]: Entering directory `/home/huanghao/mysql-connector-c/CMakeFiles/CMakeTmp'
/usr/bin/cmake -E cmake_progress_report /home/huanghao/mysql-connector-c/CMakeFiles/CMakeTmp/CMakeFiles 1
Building C object CMakeFiles/cmTryCompileExec.dir/CheckFunctionExists.c.o
/usr/bin/gcc   -DCHECK_FUNCTION_EXISTS=strlcpy   -o CMakeFiles/cmTryCompileExec.dir/CheckFunctionExists.c.o   -c /usr/share/cmake-2.8/Modules/CheckFunctionExists.c
Linking C executable cmTryCompileExec
/usr/bin/cmake -E cmake_link_script CMakeFiles/cmTryCompileExec.dir/link.txt --verbose=1
/usr/bin/gcc     -DCHECK_FUNCTION_EXISTS=strlcpy    CMakeFiles/cmTryCompileExec.dir/CheckFunctionExists.c.o  -o cmTryCompileExec -rdynamic -lm -lcrypt -ldl -lpthread -lrt 
CMakeFiles/cmTryCompileExec.dir/CheckFunctionExists.c.o: In function `main':
CheckFunctionExists.c:(.text+0x7): undefined reference to `strlcpy'
collect2: ld returned 1 exit status
make[2]: Leaving directory `/home/huanghao/mysql-connector-c/CMakeFiles/CMakeTmp'
make[2]: *** [cmTryCompileExec] Error 1
make[1]: Leaving directory `/home/huanghao/mysql-connector-c/CMakeFiles/CMakeTmp'
make[1]: *** [cmTryCompileExec/fast] Error 2


Determining if the function strlcat exists failed with the following output:
Change Dir: /home/huanghao/mysql-connector-c/CMakeFiles/CMakeTmp

Run Build Command:/usr/bin/make "cmTryCompileExec/fast"
make[1]: Entering directory `/home/huanghao/mysql-connector-c/CMakeFiles/CMakeTmp'
/usr/bin/make -f CMakeFiles/cmTryCompileExec.dir/build.make CMakeFiles/cmTryCompileExec.dir/build
make[2]: Entering directory `/home/huanghao/mysql-connector-c/CMakeFiles/CMakeTmp'
/usr/bin/cmake -E cmake_progress_report /home/huanghao/mysql-connector-c/CMakeFiles/CMakeTmp/CMakeFiles 1
Building C object CMakeFiles/cmTryCompileExec.dir/CheckFunctionExists.c.o
/usr/bin/gcc   -DCHECK_FUNCTION_EXISTS=strlcat   -o CMakeFiles/cmTryCompileExec.dir/CheckFunctionExists.c.o   -c /usr/share/cmake-2.8/Modules/CheckFunctionExists.c
Linking C executable cmTryCompileExec
/usr/bin/cmake -E cmake_link_script CMakeFiles/cmTryCompileExec.dir/link.txt --verbose=1
/usr/bin/gcc     -DCHECK_FUNCTION_EXISTS=strlcat    CMakeFiles/cmTryCompileExec.dir/CheckFunctionExists.c.o  -o cmTryCompileExec -rdynamic -lm -lcrypt -ldl -lpthread -lrt 
CMakeFiles/cmTryCompileExec.dir/CheckFunctionExists.c.o: In function `main':
CheckFunctionExists.c:(.text+0x7): undefined reference to `strlcat'
collect2: ld returned 1 exit status
make[2]: Leaving directory `/home/huanghao/mysql-connector-c/CMakeFiles/CMakeTmp'
make[2]: *** [cmTryCompileExec] Error 1
make[1]: Leaving directory `/home/huanghao/mysql-connector-c/CMakeFiles/CMakeTmp'
make[1]: *** [cmTryCompileExec/fast] Error 2


Determining if the function fgetln exists failed with the following output:
Change Dir: /home/huanghao/mysql-connector-c/CMakeFiles/CMakeTmp

Run Build Command:/usr/bin/make "cmTryCompileExec/fast"
make[1]: Entering directory `/home/huanghao/mysql-connector-c/CMakeFiles/CMakeTmp'
/usr/bin/make -f CMakeFiles/cmTryCompileExec.dir/build.make CMakeFiles/cmTryCompileExec.dir/build
make[2]: Entering directory `/home/huanghao/mysql-connector-c/CMakeFiles/CMakeTmp'
/usr/bin/cmake -E cmake_progress_report /home/huanghao/mysql-connector-c/CMakeFiles/CMakeTmp/CMakeFiles 1
Building C object CMakeFiles/cmTryCompileExec.dir/CheckFunctionExists.c.o
/usr/bin/gcc   -DCHECK_FUNCTION_EXISTS=fgetln   -o CMakeFiles/cmTryCompileExec.dir/CheckFunctionExists.c.o   -c /usr/share/cmake-2.8/Modules/CheckFunctionExists.c
Linking C executable cmTryCompileExec
/usr/bin/cmake -E cmake_link_script CMakeFiles/cmTryCompileExec.dir/link.txt --verbose=1
/usr/bin/gcc     -DCHECK_FUNCTION_EXISTS=fgetln    CMakeFiles/cmTryCompileExec.dir/CheckFunctionExists.c.o  -o cmTryCompileExec -rdynamic -lm -lcrypt -ldl -lpthread -lrt 
CMakeFiles/cmTryCompileExec.dir/CheckFunctionExists.c.o: In function `main':
CheckFunctionExists.c:(.text+0x7): undefined reference to `fgetln'
collect2: ld returned 1 exit status
make[2]: Leaving directory `/home/huanghao/mysql-connector-c/CMakeFiles/CMakeTmp'
make[2]: *** [cmTryCompileExec] Error 1
make[1]: Leaving directory `/home/huanghao/mysql-connector-c/CMakeFiles/CMakeTmp'
make[1]: *** [cmTryCompileExec/fast] Error 2


Determining if the function tell exists failed with the following output:
Change Dir: /home/huanghao/mysql-connector-c/CMakeFiles/CMakeTmp

Run Build Command:/usr/bin/make "cmTryCompileExec/fast"
make[1]: Entering directory `/home/huanghao/mysql-connector-c/CMakeFiles/CMakeTmp'
/usr/bin/make -f CMakeFiles/cmTryCompileExec.dir/build.make CMakeFiles/cmTryCompileExec.dir/build
make[2]: Entering directory `/home/huanghao/mysql-connector-c/CMakeFiles/CMakeTmp'
/usr/bin/cmake -E cmake_progress_report /home/huanghao/mysql-connector-c/CMakeFiles/CMakeTmp/CMakeFiles 1
Building C object CMakeFiles/cmTryCompileExec.dir/CheckFunctionExists.c.o
/usr/bin/gcc   -DCHECK_FUNCTION_EXISTS=tell   -o CMakeFiles/cmTryCompileExec.dir/CheckFunctionExists.c.o   -c /usr/share/cmake-2.8/Modules/CheckFunctionExists.c
Linking C executable cmTryCompileExec
/usr/bin/cmake -E cmake_link_script CMakeFiles/cmTryCompileExec.dir/link.txt --verbose=1
/usr/bin/gcc     -DCHECK_FUNCTION_EXISTS=tell    CMakeFiles/cmTryCompileExec.dir/CheckFunctionExists.c.o  -o cmTryCompileExec -rdynamic -lm -lcrypt -ldl -lpthread -lrt 
CMakeFiles/cmTryCompileExec.dir/CheckFunctionExists.c.o: In function `main':
CheckFunctionExists.c:(.text+0x7): undefined reference to `tell'
collect2: ld returned 1 exit status
make[2]: Leaving directory `/home/huanghao/mysql-connector-c/CMakeFiles/CMakeTmp'
make[2]: *** [cmTryCompileExec] Error 1
make[1]: Leaving directory `/home/huanghao/mysql-connector-c/CMakeFiles/CMakeTmp'
make[1]: *** [cmTryCompileExec/fast] Error 2


Determining if the function ntohll exists failed with the following output:
Change Dir: /home/huanghao/mysql-connector-c/CMakeFiles/CMakeTmp

Run Build Command:/usr/bin/make "cmTryCompileExec/fast"
make[1]: Entering directory `/home/huanghao/mysql-connector-c/CMakeFiles/CMakeTmp'
/usr/bin/make -f CMakeFiles/cmTryCompileExec.dir/build.make CMakeFiles/cmTryCompileExec.dir/build
make[2]: Entering directory `/home/huanghao/mysql-connector-c/CMakeFiles/CMakeTmp'
/usr/bin/cmake -E cmake_progress_report /home/huanghao/mysql-connector-c/CMakeFiles/CMakeTmp/CMakeFiles 1
Building C object CMakeFiles/cmTryCompileExec.dir/CheckFunctionExists.c.o
/usr/bin/gcc   -DCHECK_FUNCTION_EXISTS=ntohll   -o CMakeFiles/cmTryCompileExec.dir/CheckFunctionExists.c.o   -c /usr/share/cmake-2.8/Modules/CheckFunctionExists.c
Linking C executable cmTryCompileExec
/usr/bin/cmake -E cmake_link_script CMakeFiles/cmTryCompileExec.dir/link.txt --verbose=1
/usr/bin/gcc     -DCHECK_FUNCTION_EXISTS=ntohll    CMakeFiles/cmTryCompileExec.dir/CheckFunctionExists.c.o  -o cmTryCompileExec -rdynamic -lm -lcrypt -ldl -lpthread -lrt 
CMakeFiles/cmTryCompileExec.dir/CheckFunctionExists.c.o: In function `main':
CheckFunctionExists.c:(.text+0x7): undefined reference to `ntohll'
collect2: ld returned 1 exit status
make[2]: Leaving directory `/home/huanghao/mysql-connector-c/CMakeFiles/CMakeTmp'
make[2]: *** [cmTryCompileExec] Error 1
make[1]: Leaving directory `/home/huanghao/mysql-connector-c/CMakeFiles/CMakeTmp'
make[1]: *** [cmTryCompileExec/fast] Error 2


Determining if the function kqueue exists failed with the following output:
Change Dir: /home/huanghao/mysql-connector-c/CMakeFiles/CMakeTmp

Run Build Command:/usr/bin/make "cmTryCompileExec/fast"
make[1]: Entering directory `/home/huanghao/mysql-connector-c/CMakeFiles/CMakeTmp'
/usr/bin/make -f CMakeFiles/cmTryCompileExec.dir/build.make CMakeFiles/cmTryCompileExec.dir/build
make[2]: Entering directory `/home/huanghao/mysql-connector-c/CMakeFiles/CMakeTmp'
/usr/bin/cmake -E cmake_progress_report /home/huanghao/mysql-connector-c/CMakeFiles/CMakeTmp/CMakeFiles 1
Building C object CMakeFiles/cmTryCompileExec.dir/CheckFunctionExists.c.o
/usr/bin/gcc   -DCHECK_FUNCTION_EXISTS=kqueue   -o CMakeFiles/cmTryCompileExec.dir/CheckFunctionExists.c.o   -c /usr/share/cmake-2.8/Modules/CheckFunctionExists.c
Linking C executable cmTryCompileExec
/usr/bin/cmake -E cmake_link_script CMakeFiles/cmTryCompileExec.dir/link.txt --verbose=1
/usr/bin/gcc     -DCHECK_FUNCTION_EXISTS=kqueue    CMakeFiles/cmTryCompileExec.dir/CheckFunctionExists.c.o  -o cmTryCompileExec -rdynamic -lm -lcrypt -ldl -lpthread -lrt 
CMakeFiles/cmTryCompileExec.dir/CheckFunctionExists.c.o: In function `main':
CheckFunctionExists.c:(.text+0x7): undefined reference to `kqueue'
collect2: ld returned 1 exit status
make[2]: Leaving directory `/home/huanghao/mysql-connector-c/CMakeFiles/CMakeTmp'
make[2]: *** [cmTryCompileExec] Error 1
make[1]: Leaving directory `/home/huanghao/mysql-connector-c/CMakeFiles/CMakeTmp'
make[1]: *** [cmTryCompileExec/fast] Error 2


Determining if the FIONREAD exist failed with the following output:
Change Dir: /home/huanghao/mysql-connector-c/CMakeFiles/CMakeTmp

Run Build Command:/usr/bin/make "cmTryCompileExec/fast"
make[1]: Entering directory `/home/huanghao/mysql-connector-c/CMakeFiles/CMakeTmp'
/usr/bin/make -f CMakeFiles/cmTryCompileExec.dir/build.make CMakeFiles/cmTryCompileExec.dir/build
make[2]: Entering directory `/home/huanghao/mysql-connector-c/CMakeFiles/CMakeTmp'
/usr/bin/cmake -E cmake_progress_report /home/huanghao/mysql-connector-c/CMakeFiles/CMakeTmp/CMakeFiles 1
Building C object CMakeFiles/cmTryCompileExec.dir/CheckSymbolExists.c.o
/usr/bin/gcc    -o CMakeFiles/cmTryCompileExec.dir/CheckSymbolExists.c.o   -c /home/huanghao/mysql-connector-c/CMakeFiles/CMakeTmp/CheckSymbolExists.c
/home/huanghao/mysql-connector-c/CMakeFiles/CMakeTmp/CheckSymbolExists.c:2:23: fatal error: sys/filio.h: No such file or directory
compilation terminated.
make[2]: Leaving directory `/home/huanghao/mysql-connector-c/CMakeFiles/CMakeTmp'
make[2]: *** [CMakeFiles/cmTryCompileExec.dir/CheckSymbolExists.c.o] Error 1
make[1]: Leaving directory `/home/huanghao/mysql-connector-c/CMakeFiles/CMakeTmp'
make[1]: *** [cmTryCompileExec/fast] Error 2

File /home/huanghao/mysql-connector-c/CMakeFiles/CMakeTmp/CheckSymbolExists.c:
/* */
#include <sys/filio.h>

void cmakeRequireSymbol(int dummy,...){(void)dummy;}
int main()
{
#ifndef FIONREAD
  cmakeRequireSymbol(0,&FIONREAD);
#endif
  return 0;
}

Determining if the SIGEV_PORT exist failed with the following output:
Change Dir: /home/huanghao/mysql-connector-c/CMakeFiles/CMakeTmp

Run Build Command:/usr/bin/make "cmTryCompileExec/fast"
make[1]: Entering directory `/home/huanghao/mysql-connector-c/CMakeFiles/CMakeTmp'
/usr/bin/make -f CMakeFiles/cmTryCompileExec.dir/build.make CMakeFiles/cmTryCompileExec.dir/build
make[2]: Entering directory `/home/huanghao/mysql-connector-c/CMakeFiles/CMakeTmp'
/usr/bin/cmake -E cmake_progress_report /home/huanghao/mysql-connector-c/CMakeFiles/CMakeTmp/CMakeFiles 1
Building C object CMakeFiles/cmTryCompileExec.dir/CheckSymbolExists.c.o
/usr/bin/gcc    -o CMakeFiles/cmTryCompileExec.dir/CheckSymbolExists.c.o   -c /home/huanghao/mysql-connector-c/CMakeFiles/CMakeTmp/CheckSymbolExists.c
/home/huanghao/mysql-connector-c/CMakeFiles/CMakeTmp/CheckSymbolExists.c: In function ‘main’:
/home/huanghao/mysql-connector-c/CMakeFiles/CMakeTmp/CheckSymbolExists.c:9:25: error: ‘SIGEV_PORT’ undeclared (first use in this function)
/home/huanghao/mysql-connector-c/CMakeFiles/CMakeTmp/CheckSymbolExists.c:9:25: note: each undeclared identifier is reported only once for each function it appears in
make[2]: *** [CMakeFiles/cmTryCompileExec.dir/CheckSymbolExists.c.o] Error 1
make[2]: Leaving directory `/home/huanghao/mysql-connector-c/CMakeFiles/CMakeTmp'
make[1]: Leaving directory `/home/huanghao/mysql-connector-c/CMakeFiles/CMakeTmp'
make[1]: *** [cmTryCompileExec/fast] Error 2

File /home/huanghao/mysql-connector-c/CMakeFiles/CMakeTmp/CheckSymbolExists.c:
/* */
#include <signal.h>
#include <time.h>

void cmakeRequireSymbol(int dummy,...){(void)dummy;}
int main()
{
#ifndef SIGEV_PORT
  cmakeRequireSymbol(0,&SIGEV_PORT);
#endif
  return 0;
}

Determining if the function kqueue exists failed with the following output:
Change Dir: /home/huanghao/mysql-connector-c/CMakeFiles/CMakeTmp

Run Build Command:/usr/bin/make "cmTryCompileExec/fast"
make[1]: Entering directory `/home/huanghao/mysql-connector-c/CMakeFiles/CMakeTmp'
/usr/bin/make -f CMakeFiles/cmTryCompileExec.dir/build.make CMakeFiles/cmTryCompileExec.dir/build
make[2]: Entering directory `/home/huanghao/mysql-connector-c/CMakeFiles/CMakeTmp'
/usr/bin/cmake -E cmake_progress_report /home/huanghao/mysql-connector-c/CMakeFiles/CMakeTmp/CMakeFiles 1
Building C object CMakeFiles/cmTryCompileExec.dir/CheckFunctionExists.c.o
/usr/bin/gcc   -DCHECK_FUNCTION_EXISTS=kqueue   -o CMakeFiles/cmTryCompileExec.dir/CheckFunctionExists.c.o   -c /usr/share/cmake-2.8/Modules/CheckFunctionExists.c
Linking C executable cmTryCompileExec
/usr/bin/cmake -E cmake_link_script CMakeFiles/cmTryCompileExec.dir/link.txt --verbose=1
/usr/bin/gcc     -DCHECK_FUNCTION_EXISTS=kqueue    CMakeFiles/cmTryCompileExec.dir/CheckFunctionExists.c.o  -o cmTryCompileExec -rdynamic -lm -lcrypt -ldl -lpthread -lrt 
CMakeFiles/cmTryCompileExec.dir/CheckFunctionExists.c.o: In function `main':
CheckFunctionExists.c:(.text+0x7): undefined reference to `kqueue'
collect2: ld returned 1 exit status
make[2]: Leaving directory `/home/huanghao/mysql-connector-c/CMakeFiles/CMakeTmp'
make[2]: *** [cmTryCompileExec] Error 1
make[1]: Leaving directory `/home/huanghao/mysql-connector-c/CMakeFiles/CMakeTmp'
make[1]: *** [cmTryCompileExec/fast] Error 2


Determining if the EVFILT_TIMER exist failed with the following output:
Change Dir: /home/huanghao/mysql-connector-c/CMakeFiles/CMakeTmp

Run Build Command:/usr/bin/make "cmTryCompileExec/fast"
make[1]: Entering directory `/home/huanghao/mysql-connector-c/CMakeFiles/CMakeTmp'
/usr/bin/make -f CMakeFiles/cmTryCompileExec.dir/build.make CMakeFiles/cmTryCompileExec.dir/build
make[2]: Entering directory `/home/huanghao/mysql-connector-c/CMakeFiles/CMakeTmp'
/usr/bin/cmake -E cmake_progress_report /home/huanghao/mysql-connector-c/CMakeFiles/CMakeTmp/CMakeFiles 1
Building C object CMakeFiles/cmTryCompileExec.dir/CheckSymbolExists.c.o
/usr/bin/gcc    -o CMakeFiles/cmTryCompileExec.dir/CheckSymbolExists.c.o   -c /home/huanghao/mysql-connector-c/CMakeFiles/CMakeTmp/CheckSymbolExists.c
/home/huanghao/mysql-connector-c/CMakeFiles/CMakeTmp/CheckSymbolExists.c:3:23: fatal error: sys/event.h: No such file or directory
compilation terminated.
make[2]: Leaving directory `/home/huanghao/mysql-connector-c/CMakeFiles/CMakeTmp'
make[2]: *** [CMakeFiles/cmTryCompileExec.dir/CheckSymbolExists.c.o] Error 1
make[1]: Leaving directory `/home/huanghao/mysql-connector-c/CMakeFiles/CMakeTmp'
make[1]: *** [cmTryCompileExec/fast] Error 2

File /home/huanghao/mysql-connector-c/CMakeFiles/CMakeTmp/CheckSymbolExists.c:
/* */
#include <sys/types.h>
#include <sys/event.h>
#include <sys/time.h>

void cmakeRequireSymbol(int dummy,...){(void)dummy;}
int main()
{
#ifndef EVFILT_TIMER
  cmakeRequireSymbol(0,&EVFILT_TIMER);
#endif
  return 0;
}

Determining if the system is big endian passed with the following output:
Change Dir: /home/huanghao/mysql-connector-c/CMakeFiles/CMakeTmp

Run Build Command:/usr/bin/make "cmTryCompileExec/fast"
make[1]: Entering directory `/home/huanghao/mysql-connector-c/CMakeFiles/CMakeTmp'
/usr/bin/make -f CMakeFiles/cmTryCompileExec.dir/build.make CMakeFiles/cmTryCompileExec.dir/build
make[2]: Entering directory `/home/huanghao/mysql-connector-c/CMakeFiles/CMakeTmp'
/usr/bin/cmake -E cmake_progress_report /home/huanghao/mysql-connector-c/CMakeFiles/CMakeTmp/CMakeFiles 1
Building C object CMakeFiles/cmTryCompileExec.dir/TestEndianess.c.o
/usr/bin/gcc    -o CMakeFiles/cmTryCompileExec.dir/TestEndianess.c.o   -c /home/huanghao/mysql-connector-c/CMakeFiles/CMakeTmp/TestEndianess.c
Linking C executable cmTryCompileExec
/usr/bin/cmake -E cmake_link_script CMakeFiles/cmTryCompileExec.dir/link.txt --verbose=1
/usr/bin/gcc         CMakeFiles/cmTryCompileExec.dir/TestEndianess.c.o  -o cmTryCompileExec -rdynamic 
make[2]: Leaving directory `/home/huanghao/mysql-connector-c/CMakeFiles/CMakeTmp'
make[1]: Leaving directory `/home/huanghao/mysql-connector-c/CMakeFiles/CMakeTmp'

TestEndianess.c:
/* A 16 bit integer is required. */
typedef unsigned short cmakeint16;

/* On a little endian machine, these 16bit ints will give "THIS IS LITTLE ENDIAN."
   On a big endian machine the characters will be exchanged pairwise. */
const cmakeint16 info_little[] =  {0x4854, 0x5349, 0x4920, 0x2053, 0x494c, 0x5454, 0x454c, 0x4520, 0x444e, 0x4149, 0x2e4e, 0x0000};

/* on a big endian machine, these 16bit ints will give "THIS IS BIG ENDIAN."
   On a little endian machine the characters will be exchanged pairwise. */
const cmakeint16 info_big[] =     {0x5448, 0x4953, 0x2049, 0x5320, 0x4249, 0x4720, 0x454e, 0x4449, 0x414e, 0x2e2e, 0x0000};

#ifdef __CLASSIC_C__
int main(argc, argv) int argc; char *argv[];
#else
int main(int argc, char *argv[])
#endif
{
  int require = 0;
  require += info_little[argc];
  require += info_big[argc];
  (void)argv;
  return require;
}


Determining if the include file netinet/in6.h exists failed with the following output:
Change Dir: /home/huanghao/mysql-connector-c/CMakeFiles/CMakeTmp

Run Build Command:/usr/bin/make "cmTryCompileExec/fast"
make[1]: Entering directory `/home/huanghao/mysql-connector-c/CMakeFiles/CMakeTmp'
/usr/bin/make -f CMakeFiles/cmTryCompileExec.dir/build.make CMakeFiles/cmTryCompileExec.dir/build
make[2]: Entering directory `/home/huanghao/mysql-connector-c/CMakeFiles/CMakeTmp'
/usr/bin/cmake -E cmake_progress_report /home/huanghao/mysql-connector-c/CMakeFiles/CMakeTmp/CMakeFiles 1
Building C object CMakeFiles/cmTryCompileExec.dir/CheckIncludeFile.c.o
/usr/bin/gcc  -D_LARGEFILE_SOURCE -D_LARGE_FILES -D_FILE_OFFSET_BITS=64 -D__STDC_LIMIT_MACROS -D__STDC_CONSTANT_MACROS -D__STDC_FORMAT_MACROS  -o CMakeFiles/cmTryCompileExec.dir/CheckIncludeFile.c.o   -c /home/huanghao/mysql-connector-c/CMakeFiles/CMakeTmp/CheckIncludeFile.c
/home/huanghao/mysql-connector-c/CMakeFiles/CMakeTmp/CheckIncludeFile.c:1:25: fatal error: netinet/in6.h: No such file or directory
compilation terminated.
make[2]: Leaving directory `/home/huanghao/mysql-connector-c/CMakeFiles/CMakeTmp'
make[2]: *** [CMakeFiles/cmTryCompileExec.dir/CheckIncludeFile.c.o] Error 1
make[1]: Leaving directory `/home/huanghao/mysql-connector-c/CMakeFiles/CMakeTmp'
make[1]: *** [cmTryCompileExec/fast] Error 2


Performing C SOURCE FILE Test HAVE_SOCKADDR_IN_SIN_LEN failed with the following output:
Change Dir: /home/huanghao/mysql-connector-c/CMakeFiles/CMakeTmp

Run Build Command:/usr/bin/make "cmTryCompileExec/fast"
make[1]: Entering directory `/home/huanghao/mysql-connector-c/CMakeFiles/CMakeTmp'
/usr/bin/make -f CMakeFiles/cmTryCompileExec.dir/build.make CMakeFiles/cmTryCompileExec.dir/build
make[2]: Entering directory `/home/huanghao/mysql-connector-c/CMakeFiles/CMakeTmp'
/usr/bin/cmake -E cmake_progress_report /home/huanghao/mysql-connector-c/CMakeFiles/CMakeTmp/CMakeFiles 1
Building C object CMakeFiles/cmTryCompileExec.dir/src.c.o
/usr/bin/gcc  -D_LARGEFILE_SOURCE -D_LARGE_FILES -D_FILE_OFFSET_BITS=64 -D__STDC_LIMIT_MACROS -D__STDC_CONSTANT_MACROS -D__STDC_FORMAT_MACROS -DHAVE_SOCKADDR_IN_SIN_LEN   -o CMakeFiles/cmTryCompileExec.dir/src.c.o   -c /home/huanghao/mysql-connector-c/CMakeFiles/CMakeTmp/src.c
/home/huanghao/mysql-connector-c/CMakeFiles/CMakeTmp/src.c: In function ‘main’:
/home/huanghao/mysql-connector-c/CMakeFiles/CMakeTmp/src.c:9:7: error: ‘struct sockaddr_in’ has no member named ‘sin_len’
make[2]: Leaving directory `/home/huanghao/mysql-connector-c/CMakeFiles/CMakeTmp'
make[2]: *** [CMakeFiles/cmTryCompileExec.dir/src.c.o] Error 1
make[1]: *** [cmTryCompileExec/fast] Error 2
make[1]: Leaving directory `/home/huanghao/mysql-connector-c/CMakeFiles/CMakeTmp'

Source file was:

#include <sys/types.h>
#include <netinet/in.h>
#include <sys/socket.h>

int main()
{
   struct sockaddr_in* tmp;
   tmp->sin_len;
  return 0;
}

Performing C SOURCE FILE Test HAVE_SOCKADDR_IN6_SIN6_LEN failed with the following output:
Change Dir: /home/huanghao/mysql-connector-c/CMakeFiles/CMakeTmp

Run Build Command:/usr/bin/make "cmTryCompileExec/fast"
make[1]: Entering directory `/home/huanghao/mysql-connector-c/CMakeFiles/CMakeTmp'
/usr/bin/make -f CMakeFiles/cmTryCompileExec.dir/build.make CMakeFiles/cmTryCompileExec.dir/build
make[2]: Entering directory `/home/huanghao/mysql-connector-c/CMakeFiles/CMakeTmp'
/usr/bin/cmake -E cmake_progress_report /home/huanghao/mysql-connector-c/CMakeFiles/CMakeTmp/CMakeFiles 1
Building C object CMakeFiles/cmTryCompileExec.dir/src.c.o
/usr/bin/gcc  -D_LARGEFILE_SOURCE -D_LARGE_FILES -D_FILE_OFFSET_BITS=64 -D__STDC_LIMIT_MACROS -D__STDC_CONSTANT_MACROS -D__STDC_FORMAT_MACROS -DHAVE_SOCKADDR_IN6_SIN6_LEN   -o CMakeFiles/cmTryCompileExec.dir/src.c.o   -c /home/huanghao/mysql-connector-c/CMakeFiles/CMakeTmp/src.c
/home/huanghao/mysql-connector-c/CMakeFiles/CMakeTmp/src.c: In function ‘main’:
/home/huanghao/mysql-connector-c/CMakeFiles/CMakeTmp/src.c:9:7: error: ‘struct sockaddr_in6’ has no member named ‘sin6_len’
make[2]: Leaving directory `/home/huanghao/mysql-connector-c/CMakeFiles/CMakeTmp'
make[2]: *** [CMakeFiles/cmTryCompileExec.dir/src.c.o] Error 1
make[1]: Leaving directory `/home/huanghao/mysql-connector-c/CMakeFiles/CMakeTmp'
make[1]: *** [cmTryCompileExec/fast] Error 2

Source file was:

#include <sys/types.h>
#include <netinet/in.h>
#include <sys/socket.h>

int main()
{
   struct sockaddr_in6* tmp;
   tmp->sin6_len;
  return 0;
}

Performing C++ SOURCE FILE Test HAVE_IMPLICIT_DEPENDENT_NAME_TYPING failed with the following output:
Change Dir: /home/huanghao/mysql-connector-c/CMakeFiles/CMakeTmp

Run Build Command:/usr/bin/make "cmTryCompileExec/fast"
make[1]: Entering directory `/home/huanghao/mysql-connector-c/CMakeFiles/CMakeTmp'
/usr/bin/make -f CMakeFiles/cmTryCompileExec.dir/build.make CMakeFiles/cmTryCompileExec.dir/build
make[2]: Entering directory `/home/huanghao/mysql-connector-c/CMakeFiles/CMakeTmp'
/usr/bin/cmake -E cmake_progress_report /home/huanghao/mysql-connector-c/CMakeFiles/CMakeTmp/CMakeFiles 1
Building CXX object CMakeFiles/cmTryCompileExec.dir/src.cxx.o
/usr/bin/g++   -D_LARGEFILE_SOURCE -D_LARGE_FILES -D_FILE_OFFSET_BITS=64 -D__STDC_LIMIT_MACROS -D__STDC_CONSTANT_MACROS -D__STDC_FORMAT_MACROS -DHAVE_IMPLICIT_DEPENDENT_NAME_TYPING   -o CMakeFiles/cmTryCompileExec.dir/src.cxx.o -c /home/huanghao/mysql-connector-c/CMakeFiles/CMakeTmp/src.cxx
/home/huanghao/mysql-connector-c/CMakeFiles/CMakeTmp/src.cxx: In member function ‘void ct2<T>::func()’:
/home/huanghao/mysql-connector-c/CMakeFiles/CMakeTmp/src.cxx:15:5: error: need ‘typename’ before ‘std::vector<T>::iterator’ because ‘std::vector<T>’ is a dependent scope
/home/huanghao/mysql-connector-c/CMakeFiles/CMakeTmp/src.cxx:15:30: error: expected ‘;’ before ‘itr’
/home/huanghao/mysql-connector-c/CMakeFiles/CMakeTmp/src.cxx: In member function ‘void ct2<T>::func() [with T = double]’:
/home/huanghao/mysql-connector-c/CMakeFiles/CMakeTmp/src.cxx:21:13:   instantiated from here
/home/huanghao/mysql-connector-c/CMakeFiles/CMakeTmp/src.cxx:15:5: error: dependent-name ‘std::vector<T>::iterator’ is parsed as a non-type, but instantiation yields a type
/home/huanghao/mysql-connector-c/CMakeFiles/CMakeTmp/src.cxx:15:5: note: say ‘typename std::vector<T>::iterator’ if a type is meant
make[2]: Leaving directory `/home/huanghao/mysql-connector-c/CMakeFiles/CMakeTmp'
make[2]: *** [CMakeFiles/cmTryCompileExec.dir/src.cxx.o] Error 1
make[1]: *** [cmTryCompileExec/fast] Error 2
make[1]: Leaving directory `/home/huanghao/mysql-connector-c/CMakeFiles/CMakeTmp'

Source file was:

  #include <vector>
  template<typename T>
  class ct2
  {
  public:
    typedef T type;
    void func();
  };

  template<typename T>
  void ct2<T>::func()
  {
    std::vector<T> vec;
    std::vector<T>::iterator itr = vec.begin();
  }

  int main(int argc, char **argv)
  {
    ct2<double> o2;
    o2.func();
    return 0;
  }
  
